{
"contracts\\mock\\rewardToken.sol":{"l":{"13":1},"path":"D:\\work\\jr\\NFT_staking\\contracts\\mock\\rewardToken.sol","s":{"1":1},"b":{},"f":{"1":1,"2":1},"fnMap":{"1":{"name":"constructor","line":10,"loc":{"start":{"line":7,"column":4},"end":{"line":10,"column":29}}},"2":{"name":"mint","line":12,"loc":{"start":{"line":12,"column":4},"end":{"line":14,"column":4}}}},"statementMap":{"1":{"start":{"line":13,"column":8},"end":{"line":13,"column":24}}},"branchMap":{}},
"contracts\\mock\\stakingToken.sol":{"l":{"13":8},"path":"D:\\work\\jr\\NFT_staking\\contracts\\mock\\stakingToken.sol","s":{"1":8},"b":{},"f":{"1":1,"2":8},"fnMap":{"1":{"name":"constructor","line":10,"loc":{"start":{"line":7,"column":4},"end":{"line":10,"column":30}}},"2":{"name":"mint","line":12,"loc":{"start":{"line":12,"column":4},"end":{"line":14,"column":4}}}},"statementMap":{"1":{"start":{"line":13,"column":8},"end":{"line":13,"column":20}}},"branchMap":{}},
"contracts\\NFTStaking.sol":{"l":{"41":1,"42":1,"43":1,"51":3,"53":2,"55":2,"56":6,"59":6,"62":6,"63":6,"66":2,"68":2,"70":2,"74":2,"76":2,"84":6,"85":5,"87":5,"88":4,"93":3,"95":3,"97":3,"98":3,"101":3,"103":3,"104":3,"107":3,"108":3,"111":2,"114":2,"117":2,"118":2,"121":2,"123":2,"126":2,"137":3,"141":6,"142":1,"143":1,"146":5,"148":5,"149":5,"156":6,"158":6,"160":6,"164":6,"165":2,"168":2,"171":4,"175":4,"177":4,"185":2,"187":2,"189":2,"190":1,"192":1,"195":2},"path":"D:\\work\\jr\\NFT_staking\\contracts\\NFTStaking.sol","s":{"1":3,"2":2,"3":2,"4":6,"5":6,"6":2,"7":2,"8":6,"9":5,"10":5,"11":4,"12":3,"13":3,"14":3,"15":3,"16":3,"17":3,"18":2,"19":2,"20":2,"21":2,"22":2,"23":3,"24":6,"25":1,"26":5,"27":6,"28":6,"29":6,"30":6,"31":2,"32":4,"33":4,"34":2,"35":2,"36":2,"37":1},"b":{"1":[2,1],"2":[5,1],"3":[4,1],"4":[3,1],"5":[2,1],"6":[1,5],"7":[2,4],"8":[1,1]},"f":{"1":1,"2":3,"3":6,"4":3,"5":6,"6":6,"7":2},"fnMap":{"1":{"name":"constructor","line":36,"loc":{"start":{"line":36,"column":4},"end":{"line":44,"column":4}}},"2":{"name":"stake","line":50,"loc":{"start":{"line":50,"column":4},"end":{"line":77,"column":4}}},"3":{"name":"withDraw","line":83,"loc":{"start":{"line":83,"column":4},"end":{"line":127,"column":4}}},"4":{"name":"viewStakeInfo","line":134,"loc":{"start":{"line":134,"column":4},"end":{"line":138,"column":4}}},"5":{"name":"updateState","line":140,"loc":{"start":{"line":140,"column":4},"end":{"line":150,"column":4}}},"6":{"name":"claimRewards","line":155,"loc":{"start":{"line":155,"column":4},"end":{"line":178,"column":4}}},"7":{"name":"pendingRewards","line":184,"loc":{"start":{"line":184,"column":4},"end":{"line":199,"column":4}}}},"statementMap":{"1":{"start":{"line":51,"column":8},"end":{"line":51,"column":69}},"2":{"start":{"line":53,"column":8},"end":{"line":53,"column":55}},"3":{"start":{"line":55,"column":8},"end":{"line":55,"column":1511}},"4":{"start":{"line":56,"column":12},"end":{"line":56,"column":77}},"5":{"start":{"line":59,"column":12},"end":{"line":59,"column":45}},"6":{"start":{"line":66,"column":8},"end":{"line":66,"column":21}},"7":{"start":{"line":76,"column":8},"end":{"line":76,"column":41}},"8":{"start":{"line":84,"column":8},"end":{"line":84,"column":69}},"9":{"start":{"line":85,"column":8},"end":{"line":85,"column":55}},"10":{"start":{"line":87,"column":8},"end":{"line":87,"column":58}},"11":{"start":{"line":88,"column":8},"end":{"line":88,"column":2527}},"12":{"start":{"line":93,"column":8},"end":{"line":93,"column":21}},"13":{"start":{"line":95,"column":8},"end":{"line":95,"column":38}},"14":{"start":{"line":103,"column":8},"end":{"line":103,"column":2911}},"15":{"start":{"line":104,"column":12},"end":{"line":104,"column":37}},"16":{"start":{"line":107,"column":12},"end":{"line":107,"column":54}},"17":{"start":{"line":108,"column":12},"end":{"line":108,"column":76}},"18":{"start":{"line":111,"column":12},"end":{"line":111,"column":38}},"19":{"start":{"line":114,"column":12},"end":{"line":114,"column":62}},"20":{"start":{"line":121,"column":12},"end":{"line":121,"column":32}},"21":{"start":{"line":123,"column":12},"end":{"line":123,"column":74}},"22":{"start":{"line":126,"column":8},"end":{"line":126,"column":44}},"23":{"start":{"line":137,"column":8},"end":{"line":137,"column":40}},"24":{"start":{"line":141,"column":8},"end":{"line":141,"column":4079}},"25":{"start":{"line":143,"column":12},"end":{"line":143,"column":18}},"26":{"start":{"line":146,"column":8},"end":{"line":146,"column":73}},"27":{"start":{"line":156,"column":8},"end":{"line":156,"column":55}},"28":{"start":{"line":158,"column":8},"end":{"line":158,"column":20}},"29":{"start":{"line":160,"column":8},"end":{"line":160,"column":4607}},"30":{"start":{"line":164,"column":8},"end":{"line":164,"column":4720}},"31":{"start":{"line":168,"column":12},"end":{"line":168,"column":18}},"32":{"start":{"line":175,"column":8},"end":{"line":175,"column":57}},"33":{"start":{"line":177,"column":8},"end":{"line":177,"column":55}},"34":{"start":{"line":185,"column":8},"end":{"line":185,"column":55}},"35":{"start":{"line":187,"column":8},"end":{"line":187,"column":45}},"36":{"start":{"line":189,"column":8},"end":{"line":189,"column":5424}},"37":{"start":{"line":190,"column":12},"end":{"line":190,"column":77}}},"branchMap":{"1":{"line":51,"type":"if","locations":[{"start":{"line":51,"column":8},"end":{"line":51,"column":8}},{"start":{"line":51,"column":8},"end":{"line":51,"column":8}}]},"2":{"line":84,"type":"if","locations":[{"start":{"line":84,"column":8},"end":{"line":84,"column":8}},{"start":{"line":84,"column":8},"end":{"line":84,"column":8}}]},"3":{"line":87,"type":"if","locations":[{"start":{"line":87,"column":8},"end":{"line":87,"column":8}},{"start":{"line":87,"column":8},"end":{"line":87,"column":8}}]},"4":{"line":88,"type":"if","locations":[{"start":{"line":88,"column":8},"end":{"line":88,"column":8}},{"start":{"line":88,"column":8},"end":{"line":88,"column":8}}]},"5":{"line":108,"type":"if","locations":[{"start":{"line":108,"column":12},"end":{"line":108,"column":12}},{"start":{"line":108,"column":12},"end":{"line":108,"column":12}}]},"6":{"line":141,"type":"if","locations":[{"start":{"line":141,"column":8},"end":{"line":141,"column":8}},{"start":{"line":141,"column":8},"end":{"line":141,"column":8}}]},"7":{"line":164,"type":"if","locations":[{"start":{"line":164,"column":8},"end":{"line":164,"column":8}},{"start":{"line":164,"column":8},"end":{"line":164,"column":8}}]},"8":{"line":189,"type":"if","locations":[{"start":{"line":189,"column":8},"end":{"line":189,"column":8}},{"start":{"line":189,"column":8},"end":{"line":189,"column":8}}]}}}}
