{
"contracts\\mock\\rewardToken.sol":{"l":{"13":1},"path":"D:\\work\\jr\\NFT_staking\\contracts\\mock\\rewardToken.sol","s":{"1":1},"b":{},"f":{"1":1,"2":1},"fnMap":{"1":{"name":"constructor","line":10,"loc":{"start":{"line":7,"column":4},"end":{"line":10,"column":29}}},"2":{"name":"mint","line":12,"loc":{"start":{"line":12,"column":4},"end":{"line":14,"column":4}}}},"statementMap":{"1":{"start":{"line":13,"column":8},"end":{"line":13,"column":24}}},"branchMap":{}},
"contracts\\mock\\stakingToken.sol":{"l":{"13":8},"path":"D:\\work\\jr\\NFT_staking\\contracts\\mock\\stakingToken.sol","s":{"1":8},"b":{},"f":{"1":1,"2":8},"fnMap":{"1":{"name":"constructor","line":10,"loc":{"start":{"line":7,"column":4},"end":{"line":10,"column":30}}},"2":{"name":"mint","line":12,"loc":{"start":{"line":12,"column":4},"end":{"line":14,"column":4}}}},"statementMap":{"1":{"start":{"line":13,"column":8},"end":{"line":13,"column":20}}},"branchMap":{}},
"contracts\\NFTStaking.sol":{"l":{"42":1,"43":1,"44":1,"52":3,"54":2,"56":2,"57":6,"60":6,"63":6,"64":6,"67":2,"69":2,"71":2,"75":2,"77":2,"85":6,"86":5,"88":5,"89":4,"94":3,"96":3,"98":3,"99":3,"102":3,"104":3,"105":3,"108":3,"109":3,"112":2,"115":2,"118":2,"119":2,"122":2,"124":2,"126":2,"129":2,"140":3,"144":6,"145":1,"146":1,"149":5,"151":5,"152":5,"159":6,"161":6,"163":6,"167":6,"168":2,"171":2,"174":4,"178":4,"180":4,"188":2,"190":2,"192":2,"193":1,"195":1,"198":2},"path":"D:\\work\\jr\\NFT_staking\\contracts\\NFTStaking.sol","s":{"1":3,"2":2,"3":2,"4":6,"5":6,"6":2,"7":2,"8":6,"9":5,"10":5,"11":4,"12":3,"13":3,"14":3,"15":3,"16":3,"17":3,"18":2,"19":2,"20":2,"21":2,"22":2,"23":3,"24":6,"25":1,"26":5,"27":6,"28":6,"29":6,"30":6,"31":2,"32":4,"33":4,"34":2,"35":2,"36":2,"37":1},"b":{"1":[2,1],"2":[5,1],"3":[4,1],"4":[3,1],"5":[2,1],"6":[1,5],"7":[2,4],"8":[1,1]},"f":{"1":1,"2":3,"3":6,"4":3,"5":6,"6":6,"7":2},"fnMap":{"1":{"name":"constructor","line":37,"loc":{"start":{"line":37,"column":4},"end":{"line":45,"column":4}}},"2":{"name":"stake","line":51,"loc":{"start":{"line":51,"column":4},"end":{"line":78,"column":4}}},"3":{"name":"withDraw","line":84,"loc":{"start":{"line":84,"column":4},"end":{"line":130,"column":4}}},"4":{"name":"viewStakeInfo","line":137,"loc":{"start":{"line":137,"column":4},"end":{"line":141,"column":4}}},"5":{"name":"updateState","line":143,"loc":{"start":{"line":143,"column":4},"end":{"line":153,"column":4}}},"6":{"name":"claimRewards","line":158,"loc":{"start":{"line":158,"column":4},"end":{"line":181,"column":4}}},"7":{"name":"pendingRewards","line":187,"loc":{"start":{"line":187,"column":4},"end":{"line":202,"column":4}}}},"statementMap":{"1":{"start":{"line":52,"column":8},"end":{"line":52,"column":69}},"2":{"start":{"line":54,"column":8},"end":{"line":54,"column":55}},"3":{"start":{"line":56,"column":8},"end":{"line":56,"column":1590}},"4":{"start":{"line":57,"column":12},"end":{"line":57,"column":77}},"5":{"start":{"line":60,"column":12},"end":{"line":60,"column":45}},"6":{"start":{"line":67,"column":8},"end":{"line":67,"column":21}},"7":{"start":{"line":77,"column":8},"end":{"line":77,"column":41}},"8":{"start":{"line":85,"column":8},"end":{"line":85,"column":69}},"9":{"start":{"line":86,"column":8},"end":{"line":86,"column":55}},"10":{"start":{"line":88,"column":8},"end":{"line":88,"column":58}},"11":{"start":{"line":89,"column":8},"end":{"line":89,"column":2606}},"12":{"start":{"line":94,"column":8},"end":{"line":94,"column":21}},"13":{"start":{"line":96,"column":8},"end":{"line":96,"column":38}},"14":{"start":{"line":104,"column":8},"end":{"line":104,"column":2990}},"15":{"start":{"line":105,"column":12},"end":{"line":105,"column":37}},"16":{"start":{"line":108,"column":12},"end":{"line":108,"column":54}},"17":{"start":{"line":109,"column":12},"end":{"line":109,"column":76}},"18":{"start":{"line":112,"column":12},"end":{"line":112,"column":38}},"19":{"start":{"line":115,"column":12},"end":{"line":115,"column":62}},"20":{"start":{"line":122,"column":12},"end":{"line":122,"column":32}},"21":{"start":{"line":126,"column":12},"end":{"line":126,"column":74}},"22":{"start":{"line":129,"column":8},"end":{"line":129,"column":44}},"23":{"start":{"line":140,"column":8},"end":{"line":140,"column":40}},"24":{"start":{"line":144,"column":8},"end":{"line":144,"column":4192}},"25":{"start":{"line":146,"column":12},"end":{"line":146,"column":18}},"26":{"start":{"line":149,"column":8},"end":{"line":149,"column":73}},"27":{"start":{"line":159,"column":8},"end":{"line":159,"column":55}},"28":{"start":{"line":161,"column":8},"end":{"line":161,"column":20}},"29":{"start":{"line":163,"column":8},"end":{"line":163,"column":4720}},"30":{"start":{"line":167,"column":8},"end":{"line":167,"column":4833}},"31":{"start":{"line":171,"column":12},"end":{"line":171,"column":18}},"32":{"start":{"line":178,"column":8},"end":{"line":178,"column":57}},"33":{"start":{"line":180,"column":8},"end":{"line":180,"column":55}},"34":{"start":{"line":188,"column":8},"end":{"line":188,"column":55}},"35":{"start":{"line":190,"column":8},"end":{"line":190,"column":45}},"36":{"start":{"line":192,"column":8},"end":{"line":192,"column":5537}},"37":{"start":{"line":193,"column":12},"end":{"line":193,"column":77}}},"branchMap":{"1":{"line":52,"type":"if","locations":[{"start":{"line":52,"column":8},"end":{"line":52,"column":8}},{"start":{"line":52,"column":8},"end":{"line":52,"column":8}}]},"2":{"line":85,"type":"if","locations":[{"start":{"line":85,"column":8},"end":{"line":85,"column":8}},{"start":{"line":85,"column":8},"end":{"line":85,"column":8}}]},"3":{"line":88,"type":"if","locations":[{"start":{"line":88,"column":8},"end":{"line":88,"column":8}},{"start":{"line":88,"column":8},"end":{"line":88,"column":8}}]},"4":{"line":89,"type":"if","locations":[{"start":{"line":89,"column":8},"end":{"line":89,"column":8}},{"start":{"line":89,"column":8},"end":{"line":89,"column":8}}]},"5":{"line":109,"type":"if","locations":[{"start":{"line":109,"column":12},"end":{"line":109,"column":12}},{"start":{"line":109,"column":12},"end":{"line":109,"column":12}}]},"6":{"line":144,"type":"if","locations":[{"start":{"line":144,"column":8},"end":{"line":144,"column":8}},{"start":{"line":144,"column":8},"end":{"line":144,"column":8}}]},"7":{"line":167,"type":"if","locations":[{"start":{"line":167,"column":8},"end":{"line":167,"column":8}},{"start":{"line":167,"column":8},"end":{"line":167,"column":8}}]},"8":{"line":192,"type":"if","locations":[{"start":{"line":192,"column":8},"end":{"line":192,"column":8}},{"start":{"line":192,"column":8},"end":{"line":192,"column":8}}]}}}}
