TN:
SF:D:\work\jr\NFT_staking\contracts\mock\rewardToken.sol
FN:10,constructor
FN:12,mint
FNF:2
FNH:2
FNDA:1,constructor
FNDA:1,mint
DA:13,1
LF:1
LH:1
BRF:0
BRH:0
end_of_record
TN:
SF:D:\work\jr\NFT_staking\contracts\mock\stakingToken.sol
FN:10,constructor
FN:12,mint
FNF:2
FNH:2
FNDA:1,constructor
FNDA:8,mint
DA:13,8
LF:1
LH:1
BRF:0
BRH:0
end_of_record
TN:
SF:D:\work\jr\NFT_staking\contracts\NFTStaking.sol
FN:36,constructor
FN:50,stake
FN:83,withDraw
FN:134,viewStakeInfo
FN:140,updateState
FN:155,claimRewards
FN:184,pendingRewards
FNF:7
FNH:7
FNDA:1,constructor
FNDA:3,stake
FNDA:6,withDraw
FNDA:3,viewStakeInfo
FNDA:6,updateState
FNDA:6,claimRewards
FNDA:2,pendingRewards
DA:41,1
DA:42,1
DA:43,1
DA:51,3
DA:53,2
DA:55,2
DA:56,6
DA:59,6
DA:62,6
DA:63,6
DA:66,2
DA:68,2
DA:70,2
DA:74,2
DA:76,2
DA:84,6
DA:85,5
DA:87,5
DA:88,4
DA:93,3
DA:95,3
DA:97,3
DA:98,3
DA:101,3
DA:103,3
DA:104,3
DA:107,3
DA:108,3
DA:111,2
DA:114,2
DA:117,2
DA:118,2
DA:121,2
DA:123,2
DA:126,2
DA:137,3
DA:141,6
DA:142,1
DA:143,1
DA:146,5
DA:148,5
DA:149,5
DA:156,6
DA:158,6
DA:160,6
DA:164,6
DA:165,2
DA:168,2
DA:171,4
DA:175,4
DA:177,4
DA:185,2
DA:187,2
DA:189,2
DA:190,1
DA:192,1
DA:195,2
LF:57
LH:57
BRDA:51,1,0,2
BRDA:51,1,1,1
BRDA:84,2,0,5
BRDA:84,2,1,1
BRDA:87,3,0,4
BRDA:87,3,1,1
BRDA:88,4,0,3
BRDA:88,4,1,1
BRDA:108,5,0,2
BRDA:108,5,1,1
BRDA:141,6,0,1
BRDA:141,6,1,5
BRDA:164,7,0,2
BRDA:164,7,1,4
BRDA:189,8,0,1
BRDA:189,8,1,1
BRF:16
BRH:16
end_of_record
