TN:
SF:D:\work\jr\NFT_staking\contracts\mock\rewardToken.sol
FN:10,constructor
FN:12,mint
FNF:2
FNH:2
FNDA:1,constructor
FNDA:1,mint
DA:13,1
LF:1
LH:1
BRF:0
BRH:0
end_of_record
TN:
SF:D:\work\jr\NFT_staking\contracts\mock\stakingToken.sol
FN:10,constructor
FN:12,mint
FNF:2
FNH:2
FNDA:1,constructor
FNDA:8,mint
DA:13,8
LF:1
LH:1
BRF:0
BRH:0
end_of_record
TN:
SF:D:\work\jr\NFT_staking\contracts\NFTStaking.sol
FN:38,constructor
FN:52,stake
FN:90,withDraw
FN:144,viewStakeInfo
FN:150,updateState
FN:162,claim
FN:187,claimRewards
FN:196,pendingRewards
FNF:8
FNH:8
FNDA:1,constructor
FNDA:3,stake
FNDA:6,withDraw
FNDA:3,viewStakeInfo
FNDA:6,updateState
FNDA:6,claim
FNDA:1,claimRewards
FNDA:2,pendingRewards
DA:43,1
DA:44,1
DA:45,1
DA:53,3
DA:55,2
DA:57,2
DA:58,6
DA:65,6
DA:68,6
DA:69,6
DA:72,2
DA:73,2
DA:75,2
DA:77,2
DA:81,2
DA:83,2
DA:91,6
DA:92,5
DA:94,5
DA:95,4
DA:100,3
DA:101,3
DA:103,3
DA:105,3
DA:106,3
DA:109,3
DA:111,3
DA:112,3
DA:115,3
DA:116,3
DA:119,2
DA:122,2
DA:125,2
DA:126,2
DA:129,2
DA:131,2
DA:133,2
DA:136,2
DA:147,3
DA:151,6
DA:152,1
DA:153,1
DA:156,5
DA:158,5
DA:159,5
DA:163,6
DA:164,6
DA:168,6
DA:169,2
DA:172,2
DA:175,4
DA:179,4
DA:181,4
DA:188,1
DA:189,1
DA:199,2
DA:201,2
DA:203,2
DA:204,1
DA:206,1
DA:209,2
LF:61
LH:61
BRDA:52,1,0,3
BRDA:52,1,1,0
BRDA:53,2,0,2
BRDA:53,2,1,1
BRDA:90,3,0,6
BRDA:90,3,1,0
BRDA:91,4,0,5
BRDA:91,4,1,1
BRDA:94,5,0,4
BRDA:94,5,1,1
BRDA:95,6,0,3
BRDA:95,6,1,1
BRDA:116,7,0,2
BRDA:116,7,1,1
BRDA:151,8,0,1
BRDA:151,8,1,5
BRDA:168,9,0,2
BRDA:168,9,1,4
BRDA:187,10,0,1
BRDA:187,10,1,0
BRDA:203,11,0,1
BRDA:203,11,1,1
BRF:22
BRH:19
end_of_record
